3
SIM
5
NAO
3
NAO
3
NAO
3
SIM
3
SIM
3
SIM
3
NAO
7
SIM
3
SIM
5
SIM
3
SIM
3
SIM
5
SIM
3
SIM
4
SIM
5
SIM
5
SIM
5
SIM
5
SIM
3
SIM
11
SIM
3
NAO
4
SIM
3
NAO
4
NAO
3
SIM
9
SIM
5
SIM
5
SIM
5
SIM
5
SIM
5
SIM
5
SIM
5
SIM
5
SIM
5
SIM
5
SIM
5
SIM
5
SIM
7
SIM
3
SIM
7
SIM
5
SIM
5
SIM
5
SIM
5
SIM
5
SIM
5
SIM
5
SIM
7
NAO
5
SIM
5
SIM
9
NAO
7
SIM
7
SIM
3
NAO
3
NAO
4
NAO
3
NAO
4
NAO
4
NAO
4
NAO
3
NAO
6
NAO
5
NAO
5
NAO
5
NAO
5
NAO
3
NAO
4
NAO
5
NAO
6
NAO
6
NAO
5
NAO
5
NAO
9
NAO
7
NAO
7
NAO
5
NAO
7
NAO
5
NAO
5
NAO
5
NAO
13
NAO
11
NAO
13
NAO
11
NAO
9
NAO
13
NAO
11
NAO
11
SIM
11
NAO
13
NAO
9
NAO
11
SIM
11
NAO
11
NAO
13
SIM
9
SIM
11
NAO
11
NAO
15
SIM
11
NAO
15
NAO
11
SIM
11
NAO
7
NAO
7
NAO
11
NAO
11
SIM
11
SIM
9
SIM
9
SIM
13
SIM
13
SIM
13
SIM
11
SIM
11
SIM
17
SIM
11
SIM
11
NAO
11
SIM
13
SIM
9
NAO
9
SIM
9
NAO
9
NAO
11
NAO
9
NAO
11
NAO
14
NAO
13
SIM
11
SIM
15
NAO
19
NAO
13
SIM
13
SIM
13
SIM
11
SIM
11
SIM
11
SIM
11
SIM
13
SIM
13
NAO
15
SIM
12
NAO
10
NAO
12
NAO
12
NAO
10
NAO
12
NAO
10
NAO
13
SIM
10
NAO
10
NAO
10
NAO
12
NAO
6
NAO
6
NAO
11
NAO
6
NAO
13
NAO
6
NAO
6
NAO
11
NAO
6
NAO
6
NAO
6
NAO
30
NAO
11
NAO
10
NAO
17
NAO
8
NAO
8
NAO
16
NAO
34
NAO
10
NAO
7
NAO
10
NAO
8
NAO
16
NAO
6
NAO
14
NAO
6
NAO
6
NAO
48
NAO
6
NAO
9
NAO
11
NAO
11
NAO
11
NAO
13
NAO
6
NAO
17
NAO
15
NAO
38
NAO
22
NAO
13
NAO
32
NAO
10
NAO
12
NAO
14
NAO
32
NAO
38
NAO
36
NAO
42
NAO
29
NAO
52
NAO
48
NAO
50
NAO
49
NAO
48
NAO
35
NAO
79
NAO
11
NAO
58
NAO
27
NAO
56
NAO
48
NAO
38
NAO
35
NAO
17
NAO
36
NAO
52
NAO
60
NAO
61
NAO
32
NAO
35
NAO
61
NAO
44
NAO
66
NAO
66
NAO
52
NAO
47
NAO
33
NAO
50
NAO
73
NAO
79
NAO
0
NAO
30
NAO
67
NAO
9
NAO
11
NAO
58
NAO
55
NAO
51
NAO
18
NAO
24
NAO
13
NAO
27
NAO
55
NAO
79
NAO
6
NAO
58
NAO
50
NAO
24
NAO
29
NAO
11
NAO
12
NAO
34
NAO
79
NAO
54
NAO
49
NAO
49
NAO
14
NAO
79
NAO
79
NAO
79
NAO
40
NAO
40
NAO
16
NAO
67
NAO
74
NAO
79
NAO
11
NAO
53
NAO
67
NAO
41
NAO
27
NAO
61
NAO
54
NAO
21
NAO
20
NAO
41
NAO
10
NAO
18
NAO
32
NAO
44
NAO
40
NAO
40
NAO
21
NAO
24
NAO
79
NAO
61
NAO
45
NAO
17
NAO
38
NAO
79
NAO
22
NAO
57
NAO
50
NAO
18
NAO
59
NAO
79
NAO
79
NAO
79
NAO
13
NAO
37
NAO
43
NAO
79
NAO
79
NAO
79
NAO
79
NAO
31
NAO
59
NAO
79
NAO
23
NAO
14
NAO
41
NAO
33
NAO
18
NAO
25
NAO
34
NAO
58
NAO
30
NAO
32
NAO
79
NAO
79
NAO
4
NAO
33
NAO
47
NAO
47
NAO
47
NAO
46
NAO
29
NAO
76
NAO
13
NAO
34
NAO
44
NAO
45
NAO
41
NAO
79
NAO
0
NAO
59
NAO
16
NAO
32
NAO
63
NAO
25
NAO
79
NAO
11
NAO
32
NAO
11
NAO
14
NAO
40
NAO
57
NAO
14
NAO
79
NAO
46
NAO
17
NAO
14
NAO
45
NAO
48
NAO
56
NAO
47
NAO
45
NAO
45
NAO
26
NAO
30
NAO
30
NAO
17
NAO
28
NAO
14
NAO
38
NAO
38
NAO
54
NAO
58
NAO
39
NAO
38
NAO
62
NAO
79
NAO
32
NAO
24
NAO
42
NAO
45
NAO
15
NAO
13
NAO
12
NAO
32
NAO
79
NAO
42
NAO
50
NAO
22
NAO
32
NAO
11
NAO
79
NAO
5
NAO
16
NAO
23
NAO
16
NAO
26
NAO
27
NAO
13
NAO
21
NAO
44
NAO
22
NAO
17
NAO
30
NAO
32
NAO
43
NAO
33
NAO
27
NAO
17
NAO
24
NAO
40
NAO
21
NAO
42
NAO
22
NAO
24
NAO
14
NAO
14
NAO
14
NAO
14
NAO
14
NAO
13
NAO
32
NAO
9
NAO
17
NAO
18
NAO
54
NAO
43
NAO
61
NAO
33
NAO
10
NAO
45
NAO
55
NAO
21
NAO
11
NAO
26
NAO
12
NAO
44
NAO
49
NAO
14
NAO
28
NAO
40
NAO
18
NAO
19
NAO
50
NAO
7
NAO
59
NAO
19
NAO
45
NAO
45
NAO
34
NAO
26
NAO
24
NAO
24
NAO
24
NAO
17
NAO
54
NAO
32
NAO
26
NAO
60
NAO
12
NAO
14
NAO
37
NAO
17
NAO
42
NAO
42
NAO
18
NAO
68
NAO
14
NAO
31
NAO
79
NAO
79
NAO
16
NAO
52
NAO
28
NAO
14
NAO
39
NAO
50
NAO
73
NAO
39
NAO
35
NAO
44
NAO
30
NAO
52
NAO
48
NAO
62
NAO
54
NAO
49
NAO
50
NAO
36
NAO
46
NAO
39
NAO
79
NAO
13
NAO
46
NAO
32
NAO
39
NAO
61
NAO
31
NAO
56
NAO
67
NAO
61
NAO
12
NAO
17
NAO
19
NAO
37
NAO
25
NAO
55
NAO
14
NAO
46
NAO
27
NAO
58
NAO
28
NAO
24
NAO
30
NAO
13
NAO
79
NAO
54
NAO
50
NAO
45
NAO
17
NAO
68
NAO
74
NAO
42
NAO
42
NAO
62
NAO
55
NAO
11
NAO
54
NAO
19
NAO
19
NAO
27
NAO
21
NAO
16
NAO
79
NAO
13
NAO
45
NAO
24
NAO
39
NAO
79
NAO
79
NAO
21
NAO
52
NAO
58
NAO
61
NAO
79
NAO
22
NAO
38
NAO
79
NAO
52
NAO
49
NAO
15
NAO
26
NAO
79
NAO
79
NAO
79
NAO
13
NAO
79
NAO
79
NAO
79
NAO
79
NAO
33
NAO
58
NAO
47
NAO
48
NAO
76
NAO
41
NAO
78
NAO
41
NAO
61
NAO
79
NAO
11
NAO
8
NAO
42
NAO
59
NAO
79
NAO
9
NAO
16
NAO
58
NAO
79
NAO
0
NAO
62
NAO
65
NAO
38
NAO
33
NAO
12
NAO
15
NAO
14
NAO
79
NAO
47
NAO
47
NAO
47
NAO
16
NAO
71
NAO
50
NAO
56
NAO
18
NAO
15
NAO
48
NAO
78
NAO
38
NAO
44
NAO
59
NAO
42
NAO
36
NAO
33
NAO
43
NAO
46
NAO
14
NAO
9
NAO
13
NAO
47
NAO
65
NAO
63
NAO
75
NAO
66
NAO
55
NAO
53
NAO
60
NAO
69
NAO
51
NAO
79
NAO
42
NAO
50
NAO
23
NAO
32
NAO
57
NAO
17
NAO
24
NAO
27
NAO
62
NAO
23
NAO
51
NAO
13
NAO
40
NAO
59
NAO
15
NAO
30
NAO
46
NAO
33
NAO
38
NAO
50
NAO
57
NAO
43
NAO
50
NAO
31
NAO
30
NAO
46
NAO
44
NAO
48
NAO
47
NAO
45
NAO
31
NAO
56
NAO
18
NAO
47
NAO
18
NAO
18
NAO
34
NAO
30
NAO
48
NAO
29
NAO
40
NAO
40
NAO
16
NAO
79
NAO
25
NAO
31
NAO
41
NAO
23
NAO
69
NAO
26
NAO
25
NAO
17
NAO
38
NAO
34
NAO
16
NAO
52
NAO
18
NAO
22
NAO
79
NAO
32
NAO
68
NAO
25
NAO
38
NAO
28
NAO
10
SIM
9
NAO
8
NAO
9
NAO
11
NAO
17
NAO
9
NAO
9
NAO
3
NAO
3
NAO
3
NAO
4
NAO
